[debug] [2024-10-21T13:04:59.110Z] ----------------------------------------------------------------------
[debug] [2024-10-21T13:04:59.112Z] Command:       /opt/homebrew/Cellar/node/22.9.0/bin/node /opt/homebrew/bin/firebase init
[debug] [2024-10-21T13:04:59.112Z] CLI Version:   13.22.1
[debug] [2024-10-21T13:04:59.112Z] Platform:      darwin
[debug] [2024-10-21T13:04:59.112Z] Node Version:  v22.9.0
[debug] [2024-10-21T13:04:59.112Z] Time:          Mon Oct 21 2024 08:04:59 GMT-0500 (hora estándar oriental)
[debug] [2024-10-21T13:04:59.112Z] ----------------------------------------------------------------------
[debug] 
[debug] [2024-10-21T13:04:59.147Z] > command requires scopes: ["email","openid","https://www.googleapis.com/auth/cloudplatformprojects.readonly","https://www.googleapis.com/auth/firebase","https://www.googleapis.com/auth/cloud-platform"]
[debug] [2024-10-21T13:04:59.148Z] > authorizing via signed-in user (israel.samuelsg@gmail.com)
[info] 
     ######## #### ########  ######## ########     ###     ######  ########
     ##        ##  ##     ## ##       ##     ##  ##   ##  ##       ##
     ######    ##  ########  ######   ########  #########  ######  ######
     ##        ##  ##    ##  ##       ##     ## ##     ##       ## ##
     ##       #### ##     ## ######## ########  ##     ##  ######  ########

You're about to initialize a Firebase project in this directory:

  /Users/israelsamuels/mi-app

Before we get started, keep in mind:

  * You are initializing within an existing Firebase project directory

[debug] [2024-10-21T13:26:26.367Z] ----------------------------------------------------------------------
[debug] [2024-10-21T13:26:26.373Z] Command:       /opt/homebrew/Cellar/node/22.9.0/bin/node /opt/homebrew/bin/firebase init
[debug] [2024-10-21T13:26:26.373Z] CLI Version:   13.22.1
[debug] [2024-10-21T13:26:26.373Z] Platform:      darwin
[debug] [2024-10-21T13:26:26.373Z] Node Version:  v22.9.0
[debug] [2024-10-21T13:26:26.373Z] Time:          Mon Oct 21 2024 08:26:26 GMT-0500 (hora estándar oriental)
[debug] [2024-10-21T13:26:26.373Z] ----------------------------------------------------------------------
[debug] 
[debug] [2024-10-21T13:26:26.409Z] > command requires scopes: ["email","openid","https://www.googleapis.com/auth/cloudplatformprojects.readonly","https://www.googleapis.com/auth/firebase","https://www.googleapis.com/auth/cloud-platform"]
[debug] [2024-10-21T13:26:26.409Z] > authorizing via signed-in user (israel.samuelsg@gmail.com)
[info] 
     ######## #### ########  ######## ########     ###     ######  ########
     ##        ##  ##     ## ##       ##     ##  ##   ##  ##       ##
     ######    ##  ########  ######   ########  #########  ######  ######
     ##        ##  ##    ##  ##       ##     ## ##     ##       ## ##
     ##       #### ##     ## ######## ########  ##     ##  ######  ########

You're about to initialize a Firebase project in this directory:

  /Users/israelsamuels/mi-app

Before we get started, keep in mind:

  * You are initializing within an existing Firebase project directory

